<?xml version="1.0" encoding="UTF-8"?>
<!-- Generated by org.testng.reporters.JUnitReportReporter -->
<testsuite hostname="oliveresabelle" failures="0" tests="1" name="com.rose.garden.TestRunner" time="11.501" errors="0" timestamp="2022-06-21T15:55:10 PDT" skipped="0">
  <testcase classname="com.rose.garden.TestRunner" name="feature" time="11.501"/>
  <system-out/>
</testsuite> <!-- com.rose.garden.TestRunner -->
